<?xml version="1.0" encoding="UTF-8"?>
<!-- Generated by org.testng.reporters.JUnitReportReporter -->
<testsuite hostname="LAPTOP-T7PI7EN2" failures="0" tests="1" name="testcases.Shop" time="0.000" errors="0" timestamp="2024-09-02T08:17:50 IST" skipped="1">
  <testcase classname="testcases.Shop" name="searchProducts" time="0.000">
    <skipped/>
  </testcase> <!-- searchProducts -->
  <system-out/>
</testsuite> <!-- testcases.Shop -->
